<?xml version="1.0" encoding="UTF-8"?>
<testsuite name="com.example.awscodepipeline.AwsCodePipelineApplicationTests" tests="1" skipped="0" failures="0" errors="0" timestamp="2022-09-14T19:44:16" hostname="NithyanthansMBP" time="0.259">
  <properties/>
  <testcase name="contextLoads()" classname="com.example.awscodepipeline.AwsCodePipelineApplicationTests" time="0.259"/>
  <system-out><![CDATA[14:44:15.033 [Test worker] DEBUG org.springframework.test.context.BootstrapUtils - Instantiating CacheAwareContextLoaderDelegate from class [org.springframework.test.context.cache.DefaultCacheAwareContextLoaderDelegate]
14:44:15.039 [Test worker] DEBUG org.springframework.test.context.BootstrapUtils - Instantiating BootstrapContext using constructor [public org.springframework.test.context.support.DefaultBootstrapContext(java.lang.Class,org.springframework.test.context.CacheAwareContextLoaderDelegate)]
14:44:15.060 [Test worker] DEBUG org.springframework.test.context.BootstrapUtils - Instantiating TestContextBootstrapper for test class [com.example.awscodepipeline.AwsCodePipelineApplicationTests] from class [org.springframework.boot.test.context.SpringBootTestContextBootstrapper]
14:44:15.066 [Test worker] INFO org.springframework.boot.test.context.SpringBootTestContextBootstrapper - Neither @ContextConfiguration nor @ContextHierarchy found for test class [com.example.awscodepipeline.AwsCodePipelineApplicationTests], using SpringBootContextLoader
14:44:15.068 [Test worker] DEBUG org.springframework.test.context.support.AbstractContextLoader - Did not detect default resource location for test class [com.example.awscodepipeline.AwsCodePipelineApplicationTests]: class path resource [com/example/awscodepipeline/AwsCodePipelineApplicationTests-context.xml] does not exist
14:44:15.068 [Test worker] DEBUG org.springframework.test.context.support.AbstractContextLoader - Did not detect default resource location for test class [com.example.awscodepipeline.AwsCodePipelineApplicationTests]: class path resource [com/example/awscodepipeline/AwsCodePipelineApplicationTestsContext.groovy] does not exist
14:44:15.069 [Test worker] INFO org.springframework.test.context.support.AbstractContextLoader - Could not detect default resource locations for test class [com.example.awscodepipeline.AwsCodePipelineApplicationTests]: no resource found for suffixes {-context.xml, Context.groovy}.
14:44:15.069 [Test worker] INFO org.springframework.test.context.support.AnnotationConfigContextLoaderUtils - Could not detect default configuration classes for test class [com.example.awscodepipeline.AwsCodePipelineApplicationTests]: AwsCodePipelineApplicationTests does not declare any static, non-private, non-final, nested classes annotated with @Configuration.
14:44:15.096 [Test worker] DEBUG org.springframework.test.context.support.ActiveProfilesUtils - Could not find an 'annotation declaring class' for annotation type [org.springframework.test.context.ActiveProfiles] and class [com.example.awscodepipeline.AwsCodePipelineApplicationTests]
14:44:15.134 [Test worker] DEBUG org.springframework.context.annotation.ClassPathScanningCandidateComponentProvider - Identified candidate component class: file [/Users/nithyananthan/Desktop/13092022/AWS_Pipeline-test1/build/classes/java/main/com/example/awscodepipeline/AwsCodePipelineApplication.class]
14:44:15.135 [Test worker] INFO org.springframework.boot.test.context.SpringBootTestContextBootstrapper - Found @SpringBootConfiguration com.example.awscodepipeline.AwsCodePipelineApplication for test class com.example.awscodepipeline.AwsCodePipelineApplicationTests
14:44:15.195 [Test worker] DEBUG org.springframework.boot.test.context.SpringBootTestContextBootstrapper - @TestExecutionListeners is not present for class [com.example.awscodepipeline.AwsCodePipelineApplicationTests]: using defaults.
14:44:15.195 [Test worker] INFO org.springframework.boot.test.context.SpringBootTestContextBootstrapper - Loaded default TestExecutionListener class names from location [META-INF/spring.factories]: [org.springframework.boot.test.autoconfigure.restdocs.RestDocsTestExecutionListener, org.springframework.boot.test.autoconfigure.web.client.MockRestServiceServerResetTestExecutionListener, org.springframework.boot.test.autoconfigure.web.servlet.MockMvcPrintOnlyOnFailureTestExecutionListener, org.springframework.boot.test.autoconfigure.web.servlet.WebDriverTestExecutionListener, org.springframework.boot.test.autoconfigure.webservices.client.MockWebServiceServerTestExecutionListener, org.springframework.boot.test.mock.mockito.MockitoTestExecutionListener, org.springframework.boot.test.mock.mockito.ResetMocksTestExecutionListener, org.springframework.test.context.web.ServletTestExecutionListener, org.springframework.test.context.support.DirtiesContextBeforeModesTestExecutionListener, org.springframework.test.context.event.ApplicationEventsTestExecutionListener, org.springframework.test.context.support.DependencyInjectionTestExecutionListener, org.springframework.test.context.support.DirtiesContextTestExecutionListener, org.springframework.test.context.transaction.TransactionalTestExecutionListener, org.springframework.test.context.jdbc.SqlScriptsTestExecutionListener, org.springframework.test.context.event.EventPublishingTestExecutionListener]
14:44:15.201 [Test worker] DEBUG org.springframework.boot.test.context.SpringBootTestContextBootstrapper - Skipping candidate TestExecutionListener [org.springframework.test.context.transaction.TransactionalTestExecutionListener] due to a missing dependency. Specify custom listener classes or make the default listener classes and their required dependencies available. Offending class: [org/springframework/transaction/interceptor/TransactionAttributeSource]
14:44:15.202 [Test worker] DEBUG org.springframework.boot.test.context.SpringBootTestContextBootstrapper - Skipping candidate TestExecutionListener [org.springframework.test.context.jdbc.SqlScriptsTestExecutionListener] due to a missing dependency. Specify custom listener classes or make the default listener classes and their required dependencies available. Offending class: [org/springframework/transaction/interceptor/TransactionAttribute]
14:44:15.202 [Test worker] INFO org.springframework.boot.test.context.SpringBootTestContextBootstrapper - Using TestExecutionListeners: [org.springframework.test.context.web.ServletTestExecutionListener@fb9c7aa, org.springframework.test.context.support.DirtiesContextBeforeModesTestExecutionListener@4c398c80, org.springframework.test.context.event.ApplicationEventsTestExecutionListener@7fc6de5b, org.springframework.boot.test.mock.mockito.MockitoTestExecutionListener@21baa903, org.springframework.boot.test.autoconfigure.SpringBootDependencyInjectionTestExecutionListener@607fbe09, org.springframework.test.context.support.DirtiesContextTestExecutionListener@60a2630a, org.springframework.test.context.event.EventPublishingTestExecutionListener@29df4d43, org.springframework.boot.test.autoconfigure.restdocs.RestDocsTestExecutionListener@5dd91bca, org.springframework.boot.test.autoconfigure.web.client.MockRestServiceServerResetTestExecutionListener@40cb698e, org.springframework.boot.test.autoconfigure.web.servlet.MockMvcPrintOnlyOnFailureTestExecutionListener@3382f8ae, org.springframework.boot.test.autoconfigure.web.servlet.WebDriverTestExecutionListener@60641ec8, org.springframework.boot.test.autoconfigure.webservices.client.MockWebServiceServerTestExecutionListener@75f65e45, org.springframework.boot.test.mock.mockito.ResetMocksTestExecutionListener@6eeade6c]
14:44:15.204 [Test worker] DEBUG org.springframework.test.context.support.AbstractDirtiesContextTestExecutionListener - Before test class: context [DefaultTestContext@34997338 testClass = AwsCodePipelineApplicationTests, testInstance = [null], testMethod = [null], testException = [null], mergedContextConfiguration = [WebMergedContextConfiguration@57eda880 testClass = AwsCodePipelineApplicationTests, locations = '{}', classes = '{class com.example.awscodepipeline.AwsCodePipelineApplication}', contextInitializerClasses = '[]', activeProfiles = '{}', propertySourceLocations = '{}', propertySourceProperties = '{org.springframework.boot.test.context.SpringBootTestContextBootstrapper=true}', contextCustomizers = set[org.springframework.boot.test.autoconfigure.actuate.metrics.MetricsExportContextCustomizerFactory$DisableMetricExportContextCustomizer@282cb7c7, org.springframework.boot.test.autoconfigure.properties.PropertyMappingContextCustomizer@0, org.springframework.boot.test.autoconfigure.web.servlet.WebDriverContextCustomizerFactory$Customizer@25f4878b, org.springframework.boot.test.context.filter.ExcludeFilterContextCustomizer@6e005dc9, org.springframework.boot.test.json.DuplicateJsonObjectContextCustomizerFactory$DuplicateJsonObjectContextCustomizer@7c214cc0, org.springframework.boot.test.mock.mockito.MockitoContextCustomizer@0, org.springframework.boot.test.web.client.TestRestTemplateContextCustomizer@8e50104, org.springframework.boot.test.context.SpringBootTestArgs@1, org.springframework.boot.test.context.SpringBootTestWebEnvironment@8297b3a], resourceBasePath = 'src/main/webapp', contextLoader = 'org.springframework.boot.test.context.SpringBootContextLoader', parent = [null]], attributes = map['org.springframework.test.context.web.ServletTestExecutionListener.activateListener' -> true]], class annotated with @DirtiesContext [false] with mode [null].

  .   ____          _            __ _ _
 /\\ / ___'_ __ _ _(_)_ __  __ _ \ \ \ \
( ( )\___ | '_ | '_| | '_ \/ _` | \ \ \ \
 \\/  ___)| |_)| | | | | || (_| |  ) ) ) )
  '  |____| .__|_| |_|_| |_\__, | / / / /
 =========|_|==============|___/=/_/_/_/
 :: Spring Boot ::                (v2.7.3)

2022-09-14 14:44:15.403  INFO 3780 --- [    Test worker] c.e.a.AwsCodePipelineApplicationTests    : Starting AwsCodePipelineApplicationTests using Java 18.0.2.1 on NithyanthansMBP with PID 3780 (started by nithyananthan in /Users/nithyananthan/Desktop/13092022/AWS_Pipeline-test1)
2022-09-14 14:44:15.404  INFO 3780 --- [    Test worker] c.e.a.AwsCodePipelineApplicationTests    : No active profile set, falling back to 1 default profile: "default"
2022-09-14 14:44:16.262  INFO 3780 --- [    Test worker] c.e.a.AwsCodePipelineApplicationTests    : Started AwsCodePipelineApplicationTests in 1.029 seconds (JVM running for 1.785)
]]></system-out>
  <system-err><![CDATA[]]></system-err>
</testsuite>
